find_executable: checking for pg_config... -------------------- yes

--------------------

find_header: checking for libpq-fe.h... -------------------- yes

"gcc -o conftest -I/home/cornelis/.rbenv/versions/2.5.0/include/ruby-2.5.0/x86_64-linux -I/home/cornelis/.rbenv/versions/2.5.0/include/ruby-2.5.0/ruby/backward -I/home/cornelis/.rbenv/versions/2.5.0/include/ruby-2.5.0 -I. -I/usr/include/postgresql -I/home/cornelis/.rbenv/versions/2.5.0/include    -O3 -ggdb3 -Wall -Wextra -Wno-unused-parameter -Wno-parentheses -Wno-long-long -Wno-missing-field-initializers -Wno-tautological-compare -Wno-parentheses-equality -Wno-constant-logical-operand -Wno-self-assign -Wunused-variable -Wimplicit-int -Wpointer-arith -Wwrite-strings -Wdeclaration-after-statement -Wimplicit-function-declaration -Wdeprecated-declarations -Wno-packed-bitfield-compat -Wsuggest-attribute=noreturn -Wsuggest-attribute=format -Wno-maybe-uninitialized conftest.c  -L. -L/home/cornelis/.rbenv/versions/2.5.0/lib -Wl,-rpath,/home/cornelis/.rbenv/versions/2.5.0/lib -L/usr/lib/x86_64-linux-gnu -Wl,-rpath,/usr/lib/x86_64-linux-gnu -L. -L/home/cornelis/.rbenv/versions/2.5.0/lib  -fstack-protector -rdynamic -Wl,-export-dynamic     -Wl,-rpath,/home/cornelis/.rbenv/versions/2.5.0/lib -L/home/cornelis/.rbenv/versions/2.5.0/lib -lruby-static  -lpthread -lgmp -ldl -lcrypt -lm   -lc"
checked program was:
/* begin */
1: #include "ruby.h"
2: 
3: int main(int argc, char **argv)
4: {
5:   return 0;
6: }
/* end */

"gcc -E -I/home/cornelis/.rbenv/versions/2.5.0/include/ruby-2.5.0/x86_64-linux -I/home/cornelis/.rbenv/versions/2.5.0/include/ruby-2.5.0/ruby/backward -I/home/cornelis/.rbenv/versions/2.5.0/include/ruby-2.5.0 -I. -I/usr/include/postgresql -I/home/cornelis/.rbenv/versions/2.5.0/include    -O3 -ggdb3 -Wall -Wextra -Wno-unused-parameter -Wno-parentheses -Wno-long-long -Wno-missing-field-initializers -Wno-tautological-compare -Wno-parentheses-equality -Wno-constant-logical-operand -Wno-self-assign -Wunused-variable -Wimplicit-int -Wpointer-arith -Wwrite-strings -Wdeclaration-after-statement -Wimplicit-function-declaration -Wdeprecated-declarations -Wno-packed-bitfield-compat -Wsuggest-attribute=noreturn -Wsuggest-attribute=format -Wno-maybe-uninitialized  conftest.c -o conftest.i"
checked program was:
/* begin */
1: #include "ruby.h"
2: 
3: #include <libpq-fe.h>
/* end */

--------------------

find_header: checking for libpq/libpq-fs.h... -------------------- yes

"gcc -E -I/home/cornelis/.rbenv/versions/2.5.0/include/ruby-2.5.0/x86_64-linux -I/home/cornelis/.rbenv/versions/2.5.0/include/ruby-2.5.0/ruby/backward -I/home/cornelis/.rbenv/versions/2.5.0/include/ruby-2.5.0 -I. -I/usr/include/postgresql -I/home/cornelis/.rbenv/versions/2.5.0/include    -O3 -ggdb3 -Wall -Wextra -Wno-unused-parameter -Wno-parentheses -Wno-long-long -Wno-missing-field-initializers -Wno-tautological-compare -Wno-parentheses-equality -Wno-constant-logical-operand -Wno-self-assign -Wunused-variable -Wimplicit-int -Wpointer-arith -Wwrite-strings -Wdeclaration-after-statement -Wimplicit-function-declaration -Wdeprecated-declarations -Wno-packed-bitfield-compat -Wsuggest-attribute=noreturn -Wsuggest-attribute=format -Wno-maybe-uninitialized  conftest.c -o conftest.i"
checked program was:
/* begin */
1: #include "ruby.h"
2: 
3: #include <libpq/libpq-fs.h>
/* end */

--------------------

find_header: checking for pg_config_manual.h... -------------------- yes

"gcc -E -I/home/cornelis/.rbenv/versions/2.5.0/include/ruby-2.5.0/x86_64-linux -I/home/cornelis/.rbenv/versions/2.5.0/include/ruby-2.5.0/ruby/backward -I/home/cornelis/.rbenv/versions/2.5.0/include/ruby-2.5.0 -I. -I/usr/include/postgresql -I/home/cornelis/.rbenv/versions/2.5.0/include    -O3 -ggdb3 -Wall -Wextra -Wno-unused-parameter -Wno-parentheses -Wno-long-long -Wno-missing-field-initializers -Wno-tautological-compare -Wno-parentheses-equality -Wno-constant-logical-operand -Wno-self-assign -Wunused-variable -Wimplicit-int -Wpointer-arith -Wwrite-strings -Wdeclaration-after-statement -Wimplicit-function-declaration -Wdeprecated-declarations -Wno-packed-bitfield-compat -Wsuggest-attribute=noreturn -Wsuggest-attribute=format -Wno-maybe-uninitialized  conftest.c -o conftest.i"
checked program was:
/* begin */
1: #include "ruby.h"
2: 
3: #include <pg_config_manual.h>
/* end */

--------------------

have_library: checking for PQconnectdb() in -lpq... -------------------- yes

"gcc -o conftest -I/home/cornelis/.rbenv/versions/2.5.0/include/ruby-2.5.0/x86_64-linux -I/home/cornelis/.rbenv/versions/2.5.0/include/ruby-2.5.0/ruby/backward -I/home/cornelis/.rbenv/versions/2.5.0/include/ruby-2.5.0 -I. -I/usr/include/postgresql -I/home/cornelis/.rbenv/versions/2.5.0/include    -O3 -ggdb3 -Wall -Wextra -Wno-unused-parameter -Wno-parentheses -Wno-long-long -Wno-missing-field-initializers -Wno-tautological-compare -Wno-parentheses-equality -Wno-constant-logical-operand -Wno-self-assign -Wunused-variable -Wimplicit-int -Wpointer-arith -Wwrite-strings -Wdeclaration-after-statement -Wimplicit-function-declaration -Wdeprecated-declarations -Wno-packed-bitfield-compat -Wsuggest-attribute=noreturn -Wsuggest-attribute=format -Wno-maybe-uninitialized conftest.c  -L. -L/home/cornelis/.rbenv/versions/2.5.0/lib -Wl,-rpath,/home/cornelis/.rbenv/versions/2.5.0/lib -L/usr/lib/x86_64-linux-gnu -Wl,-rpath,/usr/lib/x86_64-linux-gnu -L. -L/home/cornelis/.rbenv/versions/2.5.0/lib  -fstack-protector -rdynamic -Wl,-export-dynamic     -Wl,-rpath,/home/cornelis/.rbenv/versions/2.5.0/lib -L/home/cornelis/.rbenv/versions/2.5.0/lib -lruby-static -lpq  -lpthread -lgmp -ldl -lcrypt -lm   -lc"
checked program was:
/* begin */
 1: #include "ruby.h"
 2: 
 3: #include <libpq-fe.h>
 4: 
 5: /*top*/
 6: extern int t(void);
 7: int main(int argc, char **argv)
 8: {
 9:   if (argc > 1000000) {
10:     printf("%p", &t);
11:   }
12: 
13:   return 0;
14: }
15: int t(void) { void ((*volatile p)()); p = (void ((*)()))PQconnectdb; return !p; }
/* end */

--------------------

have_func: checking for PQsetSingleRowMode()... -------------------- yes

"gcc -o conftest -I/home/cornelis/.rbenv/versions/2.5.0/include/ruby-2.5.0/x86_64-linux -I/home/cornelis/.rbenv/versions/2.5.0/include/ruby-2.5.0/ruby/backward -I/home/cornelis/.rbenv/versions/2.5.0/include/ruby-2.5.0 -I. -I/usr/include/postgresql -I/home/cornelis/.rbenv/versions/2.5.0/include    -O3 -ggdb3 -Wall -Wextra -Wno-unused-parameter -Wno-parentheses -Wno-long-long -Wno-missing-field-initializers -Wno-tautological-compare -Wno-parentheses-equality -Wno-constant-logical-operand -Wno-self-assign -Wunused-variable -Wimplicit-int -Wpointer-arith -Wwrite-strings -Wdeclaration-after-statement -Wimplicit-function-declaration -Wdeprecated-declarations -Wno-packed-bitfield-compat -Wsuggest-attribute=noreturn -Wsuggest-attribute=format -Wno-maybe-uninitialized conftest.c  -L. -L/home/cornelis/.rbenv/versions/2.5.0/lib -Wl,-rpath,/home/cornelis/.rbenv/versions/2.5.0/lib -L/usr/lib/x86_64-linux-gnu -Wl,-rpath,/usr/lib/x86_64-linux-gnu -L. -L/home/cornelis/.rbenv/versions/2.5.0/lib  -fstack-protector -rdynamic -Wl,-export-dynamic    -lpq  -Wl,-rpath,/home/cornelis/.rbenv/versions/2.5.0/lib -L/home/cornelis/.rbenv/versions/2.5.0/lib -lruby-static -lpq  -lpthread -lgmp -ldl -lcrypt -lm   -lc"
conftest.c: In function ‘t’:
conftest.c:13:57: error: ‘PQsetSingleRowMode’ undeclared (first use in this function)
 int t(void) { void ((*volatile p)()); p = (void ((*)()))PQsetSingleRowMode; return !p; }
                                                         ^
conftest.c:13:57: note: each undeclared identifier is reported only once for each function it appears in
conftest.c: At top level:
cc1: warning: unrecognized command line option ‘-Wno-self-assign’
cc1: warning: unrecognized command line option ‘-Wno-constant-logical-operand’
cc1: warning: unrecognized command line option ‘-Wno-parentheses-equality’
cc1: warning: unrecognized command line option ‘-Wno-tautological-compare’
checked program was:
/* begin */
 1: #include "ruby.h"
 2: 
 3: /*top*/
 4: extern int t(void);
 5: int main(int argc, char **argv)
 6: {
 7:   if (argc > 1000000) {
 8:     printf("%p", &t);
 9:   }
10: 
11:   return 0;
12: }
13: int t(void) { void ((*volatile p)()); p = (void ((*)()))PQsetSingleRowMode; return !p; }
/* end */

"gcc -o conftest -I/home/cornelis/.rbenv/versions/2.5.0/include/ruby-2.5.0/x86_64-linux -I/home/cornelis/.rbenv/versions/2.5.0/include/ruby-2.5.0/ruby/backward -I/home/cornelis/.rbenv/versions/2.5.0/include/ruby-2.5.0 -I. -I/usr/include/postgresql -I/home/cornelis/.rbenv/versions/2.5.0/include    -O3 -ggdb3 -Wall -Wextra -Wno-unused-parameter -Wno-parentheses -Wno-long-long -Wno-missing-field-initializers -Wno-tautological-compare -Wno-parentheses-equality -Wno-constant-logical-operand -Wno-self-assign -Wunused-variable -Wimplicit-int -Wpointer-arith -Wwrite-strings -Wdeclaration-after-statement -Wimplicit-function-declaration -Wdeprecated-declarations -Wno-packed-bitfield-compat -Wsuggest-attribute=noreturn -Wsuggest-attribute=format -Wno-maybe-uninitialized conftest.c  -L. -L/home/cornelis/.rbenv/versions/2.5.0/lib -Wl,-rpath,/home/cornelis/.rbenv/versions/2.5.0/lib -L/usr/lib/x86_64-linux-gnu -Wl,-rpath,/usr/lib/x86_64-linux-gnu -L. -L/home/cornelis/.rbenv/versions/2.5.0/lib  -fstack-protector -rdynamic -Wl,-export-dynamic    -lpq  -Wl,-rpath,/home/cornelis/.rbenv/versions/2.5.0/lib -L/home/cornelis/.rbenv/versions/2.5.0/lib -lruby-static -lpq  -lpthread -lgmp -ldl -lcrypt -lm   -lc"
checked program was:
/* begin */
 1: #include "ruby.h"
 2: 
 3: /*top*/
 4: extern int t(void);
 5: int main(int argc, char **argv)
 6: {
 7:   if (argc > 1000000) {
 8:     printf("%p", &t);
 9:   }
10: 
11:   return 0;
12: }
13: extern void PQsetSingleRowMode();
14: int t(void) { PQsetSingleRowMode(); return 0; }
/* end */

--------------------

have_func: checking for PQconninfo()... -------------------- yes

"gcc -o conftest -I/home/cornelis/.rbenv/versions/2.5.0/include/ruby-2.5.0/x86_64-linux -I/home/cornelis/.rbenv/versions/2.5.0/include/ruby-2.5.0/ruby/backward -I/home/cornelis/.rbenv/versions/2.5.0/include/ruby-2.5.0 -I. -I/usr/include/postgresql -I/home/cornelis/.rbenv/versions/2.5.0/include    -O3 -ggdb3 -Wall -Wextra -Wno-unused-parameter -Wno-parentheses -Wno-long-long -Wno-missing-field-initializers -Wno-tautological-compare -Wno-parentheses-equality -Wno-constant-logical-operand -Wno-self-assign -Wunused-variable -Wimplicit-int -Wpointer-arith -Wwrite-strings -Wdeclaration-after-statement -Wimplicit-function-declaration -Wdeprecated-declarations -Wno-packed-bitfield-compat -Wsuggest-attribute=noreturn -Wsuggest-attribute=format -Wno-maybe-uninitialized conftest.c  -L. -L/home/cornelis/.rbenv/versions/2.5.0/lib -Wl,-rpath,/home/cornelis/.rbenv/versions/2.5.0/lib -L/usr/lib/x86_64-linux-gnu -Wl,-rpath,/usr/lib/x86_64-linux-gnu -L. -L/home/cornelis/.rbenv/versions/2.5.0/lib  -fstack-protector -rdynamic -Wl,-export-dynamic    -lpq  -Wl,-rpath,/home/cornelis/.rbenv/versions/2.5.0/lib -L/home/cornelis/.rbenv/versions/2.5.0/lib -lruby-static -lpq  -lpthread -lgmp -ldl -lcrypt -lm   -lc"
conftest.c: In function ‘t’:
conftest.c:13:57: error: ‘PQconninfo’ undeclared (first use in this function)
 int t(void) { void ((*volatile p)()); p = (void ((*)()))PQconninfo; return !p; }
                                                         ^
conftest.c:13:57: note: each undeclared identifier is reported only once for each function it appears in
conftest.c: At top level:
cc1: warning: unrecognized command line option ‘-Wno-self-assign’
cc1: warning: unrecognized command line option ‘-Wno-constant-logical-operand’
cc1: warning: unrecognized command line option ‘-Wno-parentheses-equality’
cc1: warning: unrecognized command line option ‘-Wno-tautological-compare’
checked program was:
/* begin */
 1: #include "ruby.h"
 2: 
 3: /*top*/
 4: extern int t(void);
 5: int main(int argc, char **argv)
 6: {
 7:   if (argc > 1000000) {
 8:     printf("%p", &t);
 9:   }
10: 
11:   return 0;
12: }
13: int t(void) { void ((*volatile p)()); p = (void ((*)()))PQconninfo; return !p; }
/* end */

"gcc -o conftest -I/home/cornelis/.rbenv/versions/2.5.0/include/ruby-2.5.0/x86_64-linux -I/home/cornelis/.rbenv/versions/2.5.0/include/ruby-2.5.0/ruby/backward -I/home/cornelis/.rbenv/versions/2.5.0/include/ruby-2.5.0 -I. -I/usr/include/postgresql -I/home/cornelis/.rbenv/versions/2.5.0/include    -O3 -ggdb3 -Wall -Wextra -Wno-unused-parameter -Wno-parentheses -Wno-long-long -Wno-missing-field-initializers -Wno-tautological-compare -Wno-parentheses-equality -Wno-constant-logical-operand -Wno-self-assign -Wunused-variable -Wimplicit-int -Wpointer-arith -Wwrite-strings -Wdeclaration-after-statement -Wimplicit-function-declaration -Wdeprecated-declarations -Wno-packed-bitfield-compat -Wsuggest-attribute=noreturn -Wsuggest-attribute=format -Wno-maybe-uninitialized conftest.c  -L. -L/home/cornelis/.rbenv/versions/2.5.0/lib -Wl,-rpath,/home/cornelis/.rbenv/versions/2.5.0/lib -L/usr/lib/x86_64-linux-gnu -Wl,-rpath,/usr/lib/x86_64-linux-gnu -L. -L/home/cornelis/.rbenv/versions/2.5.0/lib  -fstack-protector -rdynamic -Wl,-export-dynamic    -lpq  -Wl,-rpath,/home/cornelis/.rbenv/versions/2.5.0/lib -L/home/cornelis/.rbenv/versions/2.5.0/lib -lruby-static -lpq  -lpthread -lgmp -ldl -lcrypt -lm   -lc"
checked program was:
/* begin */
 1: #include "ruby.h"
 2: 
 3: /*top*/
 4: extern int t(void);
 5: int main(int argc, char **argv)
 6: {
 7:   if (argc > 1000000) {
 8:     printf("%p", &t);
 9:   }
10: 
11:   return 0;
12: }
13: extern void PQconninfo();
14: int t(void) { PQconninfo(); return 0; }
/* end */

--------------------

have_func: checking for PQsslAttribute()... -------------------- yes

"gcc -o conftest -I/home/cornelis/.rbenv/versions/2.5.0/include/ruby-2.5.0/x86_64-linux -I/home/cornelis/.rbenv/versions/2.5.0/include/ruby-2.5.0/ruby/backward -I/home/cornelis/.rbenv/versions/2.5.0/include/ruby-2.5.0 -I. -I/usr/include/postgresql -I/home/cornelis/.rbenv/versions/2.5.0/include    -O3 -ggdb3 -Wall -Wextra -Wno-unused-parameter -Wno-parentheses -Wno-long-long -Wno-missing-field-initializers -Wno-tautological-compare -Wno-parentheses-equality -Wno-constant-logical-operand -Wno-self-assign -Wunused-variable -Wimplicit-int -Wpointer-arith -Wwrite-strings -Wdeclaration-after-statement -Wimplicit-function-declaration -Wdeprecated-declarations -Wno-packed-bitfield-compat -Wsuggest-attribute=noreturn -Wsuggest-attribute=format -Wno-maybe-uninitialized conftest.c  -L. -L/home/cornelis/.rbenv/versions/2.5.0/lib -Wl,-rpath,/home/cornelis/.rbenv/versions/2.5.0/lib -L/usr/lib/x86_64-linux-gnu -Wl,-rpath,/usr/lib/x86_64-linux-gnu -L. -L/home/cornelis/.rbenv/versions/2.5.0/lib  -fstack-protector -rdynamic -Wl,-export-dynamic    -lpq  -Wl,-rpath,/home/cornelis/.rbenv/versions/2.5.0/lib -L/home/cornelis/.rbenv/versions/2.5.0/lib -lruby-static -lpq  -lpthread -lgmp -ldl -lcrypt -lm   -lc"
conftest.c: In function ‘t’:
conftest.c:13:57: error: ‘PQsslAttribute’ undeclared (first use in this function)
 int t(void) { void ((*volatile p)()); p = (void ((*)()))PQsslAttribute; return !p; }
                                                         ^
conftest.c:13:57: note: each undeclared identifier is reported only once for each function it appears in
conftest.c: At top level:
cc1: warning: unrecognized command line option ‘-Wno-self-assign’
cc1: warning: unrecognized command line option ‘-Wno-constant-logical-operand’
cc1: warning: unrecognized command line option ‘-Wno-parentheses-equality’
cc1: warning: unrecognized command line option ‘-Wno-tautological-compare’
checked program was:
/* begin */
 1: #include "ruby.h"
 2: 
 3: /*top*/
 4: extern int t(void);
 5: int main(int argc, char **argv)
 6: {
 7:   if (argc > 1000000) {
 8:     printf("%p", &t);
 9:   }
10: 
11:   return 0;
12: }
13: int t(void) { void ((*volatile p)()); p = (void ((*)()))PQsslAttribute; return !p; }
/* end */

"gcc -o conftest -I/home/cornelis/.rbenv/versions/2.5.0/include/ruby-2.5.0/x86_64-linux -I/home/cornelis/.rbenv/versions/2.5.0/include/ruby-2.5.0/ruby/backward -I/home/cornelis/.rbenv/versions/2.5.0/include/ruby-2.5.0 -I. -I/usr/include/postgresql -I/home/cornelis/.rbenv/versions/2.5.0/include    -O3 -ggdb3 -Wall -Wextra -Wno-unused-parameter -Wno-parentheses -Wno-long-long -Wno-missing-field-initializers -Wno-tautological-compare -Wno-parentheses-equality -Wno-constant-logical-operand -Wno-self-assign -Wunused-variable -Wimplicit-int -Wpointer-arith -Wwrite-strings -Wdeclaration-after-statement -Wimplicit-function-declaration -Wdeprecated-declarations -Wno-packed-bitfield-compat -Wsuggest-attribute=noreturn -Wsuggest-attribute=format -Wno-maybe-uninitialized conftest.c  -L. -L/home/cornelis/.rbenv/versions/2.5.0/lib -Wl,-rpath,/home/cornelis/.rbenv/versions/2.5.0/lib -L/usr/lib/x86_64-linux-gnu -Wl,-rpath,/usr/lib/x86_64-linux-gnu -L. -L/home/cornelis/.rbenv/versions/2.5.0/lib  -fstack-protector -rdynamic -Wl,-export-dynamic    -lpq  -Wl,-rpath,/home/cornelis/.rbenv/versions/2.5.0/lib -L/home/cornelis/.rbenv/versions/2.5.0/lib -lruby-static -lpq  -lpthread -lgmp -ldl -lcrypt -lm   -lc"
checked program was:
/* begin */
 1: #include "ruby.h"
 2: 
 3: /*top*/
 4: extern int t(void);
 5: int main(int argc, char **argv)
 6: {
 7:   if (argc > 1000000) {
 8:     printf("%p", &t);
 9:   }
10: 
11:   return 0;
12: }
13: extern void PQsslAttribute();
14: int t(void) { PQsslAttribute(); return 0; }
/* end */

--------------------

have_func: checking for PQencryptPasswordConn()... -------------------- no

"gcc -o conftest -I/home/cornelis/.rbenv/versions/2.5.0/include/ruby-2.5.0/x86_64-linux -I/home/cornelis/.rbenv/versions/2.5.0/include/ruby-2.5.0/ruby/backward -I/home/cornelis/.rbenv/versions/2.5.0/include/ruby-2.5.0 -I. -I/usr/include/postgresql -I/home/cornelis/.rbenv/versions/2.5.0/include    -O3 -ggdb3 -Wall -Wextra -Wno-unused-parameter -Wno-parentheses -Wno-long-long -Wno-missing-field-initializers -Wno-tautological-compare -Wno-parentheses-equality -Wno-constant-logical-operand -Wno-self-assign -Wunused-variable -Wimplicit-int -Wpointer-arith -Wwrite-strings -Wdeclaration-after-statement -Wimplicit-function-declaration -Wdeprecated-declarations -Wno-packed-bitfield-compat -Wsuggest-attribute=noreturn -Wsuggest-attribute=format -Wno-maybe-uninitialized conftest.c  -L. -L/home/cornelis/.rbenv/versions/2.5.0/lib -Wl,-rpath,/home/cornelis/.rbenv/versions/2.5.0/lib -L/usr/lib/x86_64-linux-gnu -Wl,-rpath,/usr/lib/x86_64-linux-gnu -L. -L/home/cornelis/.rbenv/versions/2.5.0/lib  -fstack-protector -rdynamic -Wl,-export-dynamic    -lpq  -Wl,-rpath,/home/cornelis/.rbenv/versions/2.5.0/lib -L/home/cornelis/.rbenv/versions/2.5.0/lib -lruby-static -lpq  -lpthread -lgmp -ldl -lcrypt -lm   -lc"
conftest.c: In function ‘t’:
conftest.c:13:57: error: ‘PQencryptPasswordConn’ undeclared (first use in this function)
 int t(void) { void ((*volatile p)()); p = (void ((*)()))PQencryptPasswordConn; return !p; }
                                                         ^
conftest.c:13:57: note: each undeclared identifier is reported only once for each function it appears in
conftest.c: At top level:
cc1: warning: unrecognized command line option ‘-Wno-self-assign’
cc1: warning: unrecognized command line option ‘-Wno-constant-logical-operand’
cc1: warning: unrecognized command line option ‘-Wno-parentheses-equality’
cc1: warning: unrecognized command line option ‘-Wno-tautological-compare’
checked program was:
/* begin */
 1: #include "ruby.h"
 2: 
 3: /*top*/
 4: extern int t(void);
 5: int main(int argc, char **argv)
 6: {
 7:   if (argc > 1000000) {
 8:     printf("%p", &t);
 9:   }
10: 
11:   return 0;
12: }
13: int t(void) { void ((*volatile p)()); p = (void ((*)()))PQencryptPasswordConn; return !p; }
/* end */

"gcc -o conftest -I/home/cornelis/.rbenv/versions/2.5.0/include/ruby-2.5.0/x86_64-linux -I/home/cornelis/.rbenv/versions/2.5.0/include/ruby-2.5.0/ruby/backward -I/home/cornelis/.rbenv/versions/2.5.0/include/ruby-2.5.0 -I. -I/usr/include/postgresql -I/home/cornelis/.rbenv/versions/2.5.0/include    -O3 -ggdb3 -Wall -Wextra -Wno-unused-parameter -Wno-parentheses -Wno-long-long -Wno-missing-field-initializers -Wno-tautological-compare -Wno-parentheses-equality -Wno-constant-logical-operand -Wno-self-assign -Wunused-variable -Wimplicit-int -Wpointer-arith -Wwrite-strings -Wdeclaration-after-statement -Wimplicit-function-declaration -Wdeprecated-declarations -Wno-packed-bitfield-compat -Wsuggest-attribute=noreturn -Wsuggest-attribute=format -Wno-maybe-uninitialized conftest.c  -L. -L/home/cornelis/.rbenv/versions/2.5.0/lib -Wl,-rpath,/home/cornelis/.rbenv/versions/2.5.0/lib -L/usr/lib/x86_64-linux-gnu -Wl,-rpath,/usr/lib/x86_64-linux-gnu -L. -L/home/cornelis/.rbenv/versions/2.5.0/lib  -fstack-protector -rdynamic -Wl,-export-dynamic    -lpq  -Wl,-rpath,/home/cornelis/.rbenv/versions/2.5.0/lib -L/home/cornelis/.rbenv/versions/2.5.0/lib -lruby-static -lpq  -lpthread -lgmp -ldl -lcrypt -lm   -lc"
/tmp/ccsZGqim.o: In function `t':
/media/cornelis/Storage/Home/Documents/Academic/AppAcademy/Projects/W8D1/AppAcademy_W7D5/sloth/vendor/bundle/gems/pg-1.1.3/ext/conftest.c:14: undefined reference to `PQencryptPasswordConn'
collect2: error: ld returned 1 exit status
checked program was:
/* begin */
 1: #include "ruby.h"
 2: 
 3: /*top*/
 4: extern int t(void);
 5: int main(int argc, char **argv)
 6: {
 7:   if (argc > 1000000) {
 8:     printf("%p", &t);
 9:   }
10: 
11:   return 0;
12: }
13: extern void PQencryptPasswordConn();
14: int t(void) { PQencryptPasswordConn(); return 0; }
/* end */

--------------------

have_func: checking for timegm()... -------------------- yes

"gcc -o conftest -I/home/cornelis/.rbenv/versions/2.5.0/include/ruby-2.5.0/x86_64-linux -I/home/cornelis/.rbenv/versions/2.5.0/include/ruby-2.5.0/ruby/backward -I/home/cornelis/.rbenv/versions/2.5.0/include/ruby-2.5.0 -I. -I/usr/include/postgresql -I/home/cornelis/.rbenv/versions/2.5.0/include    -O3 -ggdb3 -Wall -Wextra -Wno-unused-parameter -Wno-parentheses -Wno-long-long -Wno-missing-field-initializers -Wno-tautological-compare -Wno-parentheses-equality -Wno-constant-logical-operand -Wno-self-assign -Wunused-variable -Wimplicit-int -Wpointer-arith -Wwrite-strings -Wdeclaration-after-statement -Wimplicit-function-declaration -Wdeprecated-declarations -Wno-packed-bitfield-compat -Wsuggest-attribute=noreturn -Wsuggest-attribute=format -Wno-maybe-uninitialized conftest.c  -L. -L/home/cornelis/.rbenv/versions/2.5.0/lib -Wl,-rpath,/home/cornelis/.rbenv/versions/2.5.0/lib -L/usr/lib/x86_64-linux-gnu -Wl,-rpath,/usr/lib/x86_64-linux-gnu -L. -L/home/cornelis/.rbenv/versions/2.5.0/lib  -fstack-protector -rdynamic -Wl,-export-dynamic    -lpq  -Wl,-rpath,/home/cornelis/.rbenv/versions/2.5.0/lib -L/home/cornelis/.rbenv/versions/2.5.0/lib -lruby-static -lpq  -lpthread -lgmp -ldl -lcrypt -lm   -lc"
conftest.c: In function ‘t’:
conftest.c:13:57: error: ‘timegm’ undeclared (first use in this function)
 int t(void) { void ((*volatile p)()); p = (void ((*)()))timegm; return !p; }
                                                         ^
conftest.c:13:57: note: each undeclared identifier is reported only once for each function it appears in
conftest.c: At top level:
cc1: warning: unrecognized command line option ‘-Wno-self-assign’
cc1: warning: unrecognized command line option ‘-Wno-constant-logical-operand’
cc1: warning: unrecognized command line option ‘-Wno-parentheses-equality’
cc1: warning: unrecognized command line option ‘-Wno-tautological-compare’
checked program was:
/* begin */
 1: #include "ruby.h"
 2: 
 3: /*top*/
 4: extern int t(void);
 5: int main(int argc, char **argv)
 6: {
 7:   if (argc > 1000000) {
 8:     printf("%p", &t);
 9:   }
10: 
11:   return 0;
12: }
13: int t(void) { void ((*volatile p)()); p = (void ((*)()))timegm; return !p; }
/* end */

"gcc -o conftest -I/home/cornelis/.rbenv/versions/2.5.0/include/ruby-2.5.0/x86_64-linux -I/home/cornelis/.rbenv/versions/2.5.0/include/ruby-2.5.0/ruby/backward -I/home/cornelis/.rbenv/versions/2.5.0/include/ruby-2.5.0 -I. -I/usr/include/postgresql -I/home/cornelis/.rbenv/versions/2.5.0/include    -O3 -ggdb3 -Wall -Wextra -Wno-unused-parameter -Wno-parentheses -Wno-long-long -Wno-missing-field-initializers -Wno-tautological-compare -Wno-parentheses-equality -Wno-constant-logical-operand -Wno-self-assign -Wunused-variable -Wimplicit-int -Wpointer-arith -Wwrite-strings -Wdeclaration-after-statement -Wimplicit-function-declaration -Wdeprecated-declarations -Wno-packed-bitfield-compat -Wsuggest-attribute=noreturn -Wsuggest-attribute=format -Wno-maybe-uninitialized conftest.c  -L. -L/home/cornelis/.rbenv/versions/2.5.0/lib -Wl,-rpath,/home/cornelis/.rbenv/versions/2.5.0/lib -L/usr/lib/x86_64-linux-gnu -Wl,-rpath,/usr/lib/x86_64-linux-gnu -L. -L/home/cornelis/.rbenv/versions/2.5.0/lib  -fstack-protector -rdynamic -Wl,-export-dynamic    -lpq  -Wl,-rpath,/home/cornelis/.rbenv/versions/2.5.0/lib -L/home/cornelis/.rbenv/versions/2.5.0/lib -lruby-static -lpq  -lpthread -lgmp -ldl -lcrypt -lm   -lc"
checked program was:
/* begin */
 1: #include "ruby.h"
 2: 
 3: /*top*/
 4: extern int t(void);
 5: int main(int argc, char **argv)
 6: {
 7:   if (argc > 1000000) {
 8:     printf("%p", &t);
 9:   }
10: 
11:   return 0;
12: }
13: extern void timegm();
14: int t(void) { timegm(); return 0; }
/* end */

--------------------

have_func: checking for rb_gc_adjust_memory_usage()... -------------------- yes

"gcc -o conftest -I/home/cornelis/.rbenv/versions/2.5.0/include/ruby-2.5.0/x86_64-linux -I/home/cornelis/.rbenv/versions/2.5.0/include/ruby-2.5.0/ruby/backward -I/home/cornelis/.rbenv/versions/2.5.0/include/ruby-2.5.0 -I. -I/usr/include/postgresql -I/home/cornelis/.rbenv/versions/2.5.0/include    -O3 -ggdb3 -Wall -Wextra -Wno-unused-parameter -Wno-parentheses -Wno-long-long -Wno-missing-field-initializers -Wno-tautological-compare -Wno-parentheses-equality -Wno-constant-logical-operand -Wno-self-assign -Wunused-variable -Wimplicit-int -Wpointer-arith -Wwrite-strings -Wdeclaration-after-statement -Wimplicit-function-declaration -Wdeprecated-declarations -Wno-packed-bitfield-compat -Wsuggest-attribute=noreturn -Wsuggest-attribute=format -Wno-maybe-uninitialized conftest.c  -L. -L/home/cornelis/.rbenv/versions/2.5.0/lib -Wl,-rpath,/home/cornelis/.rbenv/versions/2.5.0/lib -L/usr/lib/x86_64-linux-gnu -Wl,-rpath,/usr/lib/x86_64-linux-gnu -L. -L/home/cornelis/.rbenv/versions/2.5.0/lib  -fstack-protector -rdynamic -Wl,-export-dynamic    -lpq  -Wl,-rpath,/home/cornelis/.rbenv/versions/2.5.0/lib -L/home/cornelis/.rbenv/versions/2.5.0/lib -lruby-static -lpq  -lpthread -lgmp -ldl -lcrypt -lm   -lc"
checked program was:
/* begin */
 1: #include "ruby.h"
 2: 
 3: /*top*/
 4: extern int t(void);
 5: int main(int argc, char **argv)
 6: {
 7:   if (argc > 1000000) {
 8:     printf("%p", &t);
 9:   }
10: 
11:   return 0;
12: }
13: int t(void) { void ((*volatile p)()); p = (void ((*)()))rb_gc_adjust_memory_usage; return !p; }
/* end */

--------------------

have_const: checking for PG_DIAG_TABLE_NAME in libpq-fe.h... -------------------- yes

"gcc -I/home/cornelis/.rbenv/versions/2.5.0/include/ruby-2.5.0/x86_64-linux -I/home/cornelis/.rbenv/versions/2.5.0/include/ruby-2.5.0/ruby/backward -I/home/cornelis/.rbenv/versions/2.5.0/include/ruby-2.5.0 -I. -I/usr/include/postgresql -I/home/cornelis/.rbenv/versions/2.5.0/include    -O3 -ggdb3 -Wall -Wextra -Wno-unused-parameter -Wno-parentheses -Wno-long-long -Wno-missing-field-initializers -Wno-tautological-compare -Wno-parentheses-equality -Wno-constant-logical-operand -Wno-self-assign -Wunused-variable -Wimplicit-int -Wpointer-arith -Wwrite-strings -Wdeclaration-after-statement -Wimplicit-function-declaration -Wdeprecated-declarations -Wno-packed-bitfield-compat -Wsuggest-attribute=noreturn -Wsuggest-attribute=format -Wno-maybe-uninitialized   -c conftest.c"
checked program was:
/* begin */
1: #include "ruby.h"
2: 
3: #include <libpq-fe.h>
4: 
5: /*top*/
6: typedef int conftest_type;
7: conftest_type conftestval = (int)PG_DIAG_TABLE_NAME;
/* end */

--------------------

have_header: checking for unistd.h... -------------------- yes

"gcc -E -I/home/cornelis/.rbenv/versions/2.5.0/include/ruby-2.5.0/x86_64-linux -I/home/cornelis/.rbenv/versions/2.5.0/include/ruby-2.5.0/ruby/backward -I/home/cornelis/.rbenv/versions/2.5.0/include/ruby-2.5.0 -I. -I/usr/include/postgresql -I/home/cornelis/.rbenv/versions/2.5.0/include    -O3 -ggdb3 -Wall -Wextra -Wno-unused-parameter -Wno-parentheses -Wno-long-long -Wno-missing-field-initializers -Wno-tautological-compare -Wno-parentheses-equality -Wno-constant-logical-operand -Wno-self-assign -Wunused-variable -Wimplicit-int -Wpointer-arith -Wwrite-strings -Wdeclaration-after-statement -Wimplicit-function-declaration -Wdeprecated-declarations -Wno-packed-bitfield-compat -Wsuggest-attribute=noreturn -Wsuggest-attribute=format -Wno-maybe-uninitialized  conftest.c -o conftest.i"
checked program was:
/* begin */
1: #include "ruby.h"
2: 
3: #include <unistd.h>
/* end */

--------------------

have_header: checking for inttypes.h... -------------------- yes

"gcc -E -I/home/cornelis/.rbenv/versions/2.5.0/include/ruby-2.5.0/x86_64-linux -I/home/cornelis/.rbenv/versions/2.5.0/include/ruby-2.5.0/ruby/backward -I/home/cornelis/.rbenv/versions/2.5.0/include/ruby-2.5.0 -I. -I/usr/include/postgresql -I/home/cornelis/.rbenv/versions/2.5.0/include    -O3 -ggdb3 -Wall -Wextra -Wno-unused-parameter -Wno-parentheses -Wno-long-long -Wno-missing-field-initializers -Wno-tautological-compare -Wno-parentheses-equality -Wno-constant-logical-operand -Wno-self-assign -Wunused-variable -Wimplicit-int -Wpointer-arith -Wwrite-strings -Wdeclaration-after-statement -Wimplicit-function-declaration -Wdeprecated-declarations -Wno-packed-bitfield-compat -Wsuggest-attribute=noreturn -Wsuggest-attribute=format -Wno-maybe-uninitialized  conftest.c -o conftest.i"
checked program was:
/* begin */
1: #include "ruby.h"
2: 
3: #include <inttypes.h>
/* end */

--------------------

checking for C99 variable length arrays... -------------------- yes

"gcc -I/home/cornelis/.rbenv/versions/2.5.0/include/ruby-2.5.0/x86_64-linux -I/home/cornelis/.rbenv/versions/2.5.0/include/ruby-2.5.0/ruby/backward -I/home/cornelis/.rbenv/versions/2.5.0/include/ruby-2.5.0 -I. -I/usr/include/postgresql -I/home/cornelis/.rbenv/versions/2.5.0/include    -O3 -ggdb3 -Wall -Wextra -Wno-unused-parameter -Wno-parentheses -Wno-long-long -Wno-missing-field-initializers -Wno-tautological-compare -Wno-parentheses-equality -Wno-constant-logical-operand -Wno-self-assign -Wunused-variable -Wimplicit-int -Wpointer-arith -Wwrite-strings -Wdeclaration-after-statement -Wimplicit-function-declaration -Wdeprecated-declarations -Wno-packed-bitfield-compat -Wsuggest-attribute=noreturn -Wsuggest-attribute=format -Wno-maybe-uninitialized   -c conftest.c"
conftest.c: In function ‘test_vla’:
conftest.c:3:27: warning: unused variable ‘vla’ [-Wunused-variable]
 void test_vla(int l){ int vla[l]; }
                           ^
conftest.c: At top level:
cc1: warning: unrecognized command line option ‘-Wno-self-assign’
cc1: warning: unrecognized command line option ‘-Wno-constant-logical-operand’
cc1: warning: unrecognized command line option ‘-Wno-parentheses-equality’
cc1: warning: unrecognized command line option ‘-Wno-tautological-compare’
checked program was:
/* begin */
1: #include "ruby.h"
2: 
3: void test_vla(int l){ int vla[l]; }
/* end */

--------------------

extconf.h is:
/* begin */
 1: #ifndef EXTCONF_H
 2: #define EXTCONF_H
 3: #define HAVE_PQSETSINGLEROWMODE 1
 4: #define HAVE_PQCONNINFO 1
 5: #define HAVE_PQSSLATTRIBUTE 1
 6: #define HAVE_TIMEGM 1
 7: #define HAVE_RB_GC_ADJUST_MEMORY_USAGE 1
 8: #define HAVE_CONST_PG_DIAG_TABLE_NAME 1
 9: #define HAVE_UNISTD_H 1
10: #define HAVE_INTTYPES_H 1
11: #define HAVE_VARIABLE_LENGTH_ARRAYS 1
12: #endif
/* end */

